\BOOKMARK [1][-]{section.1}{\376\377\000I\000n\000t\000r\000o\000d\000u\000c\000t\000i\000o\000n}{}% 1
\BOOKMARK [2][-]{subsection.1.1}{\376\377\000W\000h\000a\000t\000\040\000y\000o\000u\000'\000l\000l\000\040\000l\000e\000a\000r\000n\000?}{section.1}% 2
\BOOKMARK [2][-]{subsection.1.2}{\376\377\000K\000e\000t\000\040\000s\000p\000a\000c\000e\000s}{section.1}% 3
\BOOKMARK [2][-]{subsection.1.3}{\376\377\000I\000n\000n\000e\000r\000\040\000P\000r\000o\000d\000u\000c\000t\000\040\000S\000p\000a\000c\000e}{section.1}% 4
\BOOKMARK [1][-]{section.2}{\376\377\000W\000a\000v\000e\000\040\000F\000u\000n\000c\000t\000i\000o\000n\000\040\000i\000n\000\040\000K\000e\000t\000\040\000N\000o\000t\000a\000t\000i\000o\000n}{}% 5
\BOOKMARK [2][-]{subsection.2.1}{\376\377\000U\000n\000d\000e\000r\000s\000t\000a\000n\000d\000i\000n\000g\000\040\000w\000a\000v\000e\000\040\000f\000u\000n\000c\000t\000i\000o\000n\000.}{section.2}% 6
\BOOKMARK [2][-]{subsection.2.2}{\376\377\000L\000i\000n\000e\000a\000r\000\040\000O\000p\000e\000r\000a\000t\000o\000r\000s}{section.2}% 7
\BOOKMARK [2][-]{subsection.2.3}{\376\377\000I\000d\000e\000n\000t\000i\000t\000y\000\040\000O\000p\000e\000r\000a\000t\000o\000r}{section.2}% 8
\BOOKMARK [2][-]{subsection.2.4}{\376\377\000Q\000u\000b\000i\000t\000s\000!\000\040}{section.2}% 9
\BOOKMARK [2][-]{subsection.2.5}{\376\377\000S\000p\000e\000c\000i\000a\000l\000\040\000S\000t\000a\000t\000e\000s}{section.2}% 10
\BOOKMARK [3][-]{subsubsection.2.5.1}{\376\377\000S\000c\000h\000r\000\366\000d\000i\000n\000g\000e\000r\000'\000s\000\040\000c\000a\000t}{subsection.2.5}% 11
\BOOKMARK [3][-]{subsubsection.2.5.2}{\376\377\000I\000m\000p\000l\000i\000c\000a\000t\000i\000o\000n\000s}{subsection.2.5}% 12
\BOOKMARK [2][-]{subsection.2.6}{\376\377\000I\000d\000e\000n\000t\000i\000t\000y\000\040\000o\000p\000e\000r\000a\000t\000o\000r\000\040\000a\000n\000d\000\040\000q\000u\000b\000i\000t}{section.2}% 13
\BOOKMARK [2][-]{subsection.2.7}{\376\377\000P\000a\000u\000l\000i\000\040\000m\000a\000t\000r\000i\000c\000e\000s}{section.2}% 14
\BOOKMARK [2][-]{subsection.2.8}{\376\377\000U\000n\000i\000t\000a\000r\000y\000\040\000a\000n\000d\000\040\000H\000e\000r\000m\000i\000t\000i\000a\000n\000\040\000M\000a\000t\000r\000i\000c\000e\000s}{section.2}% 15
\BOOKMARK [3][-]{subsubsection.2.8.1}{\376\377\000U\000n\000i\000t\000a\000r\000y\000\040\000M\000a\000t\000r\000i\000c\000e\000s}{subsection.2.8}% 16
\BOOKMARK [3][-]{subsubsection.2.8.2}{\376\377\000H\000e\000r\000m\000i\000t\000i\000a\000n\000\040\000M\000a\000t\000r\000i\000c\000e\000s}{subsection.2.8}% 17
\BOOKMARK [2][-]{subsection.2.9}{\376\377\000P\000r\000o\000b\000a\000b\000i\000l\000i\000t\000y}{section.2}% 18
\BOOKMARK [1][-]{section.3}{\376\377\000P\000r\000i\000n\000c\000i\000p\000l\000e\000s\000\040\000o\000f\000\040\000Q\000u\000a\000n\000t\000u\000m\000\040\000I\000n\000f\000o\000r\000m\000a\000t\000i\000o\000n\000\040\000\046\000\040\000Q\000u\000a\000n\000t\000u\000m\000\040\000C\000o\000m\000p\000u\000t\000i\000n\000g}{}% 19
\BOOKMARK [2][-]{subsection.3.1}{\376\377\000M\000o\000o\000r\000e\000'\000s\000\040\000L\000a\000w}{section.3}% 20
\BOOKMARK [2][-]{subsection.3.2}{\376\377\000D\000i\000f\000f\000e\000r\000e\000n\000c\000e\000\040\000b\000e\000t\000w\000e\000e\000n\000\040\000C\000l\000a\000s\000s\000i\000c\000a\000l\000\040\000a\000n\000d\000\040\000Q\000u\000a\000n\000t\000u\000m\000\040\000c\000o\000m\000p\000u\000t\000i\000n\000g}{section.3}% 21
\BOOKMARK [2][-]{subsection.3.3}{\376\377\000Q\000u\000a\000n\000t\000u\000m\000\040\000s\000u\000p\000e\000r\000p\000o\000s\000i\000t\000i\000o\000n}{section.3}% 22
\BOOKMARK [1][-]{section.4}{\376\377\000P\000r\000o\000p\000e\000r\000t\000i\000e\000s\000\040\000o\000f\000\040\000a\000\040\000q\000u\000b\000i\000t\000s}{}% 23
\BOOKMARK [2][-]{subsection.4.1}{\376\377\000M\000a\000t\000h\000e\000m\000a\000t\000i\000c\000a\000l\000\040\000r\000e\000p\000r\000e\000s\000e\000n\000t\000a\000t\000i\000o\000n}{section.4}% 24
\BOOKMARK [2][-]{subsection.4.2}{\376\377\000R\000e\000p\000r\000e\000s\000e\000n\000t\000a\000t\000i\000o\000n\000\040\000o\000f\000\040\000q\000u\000b\000i\000t\000\040\000b\000y\000\040\000B\000l\000o\000c\000h\000\040\000s\000p\000h\000e\000r\000e}{section.4}% 25
\BOOKMARK [2][-]{subsection.4.3}{\376\377\000Q\000u\000a\000n\000t\000u\000m\000\040\000c\000o\000m\000p\000u\000t\000a\000t\000i\000o\000n}{section.4}% 26
\BOOKMARK [1][-]{section.5}{\376\377\000Q\000u\000a\000n\000t\000u\000m\000\040\000G\000a\000t\000e\000s}{}% 27
\BOOKMARK [2][-]{subsection.5.1}{\376\377\000S\000i\000n\000g\000l\000e\000\040\000q\000u\000b\000i\000t\000\040\000g\000a\000t\000e\000s}{section.5}% 28
\BOOKMARK [3][-]{subsubsection.5.1.1}{\376\377\000Q\000u\000a\000n\000t\000u\000m\000\040\000G\000a\000t\000e\000s\000\040\000B\000a\000s\000i\000c}{subsection.5.1}% 29
\BOOKMARK [2][-]{subsection.5.2}{\376\377\000M\000u\000l\000t\000i\000\040\000Q\000u\000b\000i\000t\000\040\000S\000y\000s\000t\000e\000m}{section.5}% 30
\BOOKMARK [3][-]{subsubsection.5.2.1}{\376\377\000M\000u\000l\000t\000i\000-\000Q\000u\000b\000i\000t\000\040\000g\000a\000t\000e\000s}{subsection.5.2}% 31
\BOOKMARK [3][-]{subsubsection.5.2.2}{\376\377\000S\000i\000n\000g\000l\000e\000\040\000v\000s\000\040\000M\000u\000l\000t\000i\000\040\000Q\000u\000b\000i\000t\000s}{subsection.5.2}% 32
\BOOKMARK [3][-]{subsubsection.5.2.3}{\376\377\000M\000u\000l\000t\000i\000p\000l\000e\000\040\000Q\000u\000b\000i\000t\000s\000\040\000a\000n\000d\000\040\000C\000N\000O\000T\000\040\000G\000a\000t\000e}{subsection.5.2}% 33
\BOOKMARK [3][-]{subsubsection.5.2.4}{\376\377\000C\000o\000n\000t\000r\000o\000l\000l\000e\000d\000\040\000Z\000\040\000g\000a\000t\000e}{subsection.5.2}% 34
\BOOKMARK [3][-]{subsubsection.5.2.5}{\376\377\000S\000W\000A\000P\000\040\000G\000a\000t\000e}{subsection.5.2}% 35
\BOOKMARK [3][-]{subsubsection.5.2.6}{\376\377\000T\000o\000f\000f\000o\000l\000i\000\040\000g\000a\000t\000e}{subsection.5.2}% 36
\BOOKMARK [1][-]{section.6}{\376\377\000W\000A\000R\000N\000I\000N\000G\000!}{}% 37
